<?xml version="1.0" encoding="UTF-8"?>
<testng-results ignored="0" total="1" passed="1" failed="0" skipped="0">
  <reporter-output>
  </reporter-output>
  <suite started-at="2021-11-12T14:54:00 IST" name="Default suite" finished-at="2021-11-12T14:54:00 IST" duration-ms="58">
    <groups>
    </groups>
    <test started-at="2021-11-12T14:54:00 IST" name="Default test" finished-at="2021-11-12T14:54:00 IST" duration-ms="58">
      <class name="gitPractise.Demo2">
        <test-method signature="push()[pri:0, instance:gitPractise.Demo2@e7edb54]" started-at="2021-11-12T14:54:00 IST" name="push" finished-at="2021-11-12T14:54:00 IST" duration-ms="9" status="PASS">
          <reporter-output>
          </reporter-output>
        </test-method> <!-- push -->
      </class> <!-- gitPractise.Demo2 -->
    </test> <!-- Default test -->
  </suite> <!-- Default suite -->
</testng-results>
